<?xml version="1.0" encoding="UTF-8"?>
<!-- Generated by org.testng.reporters.JUnitReportReporter -->
<testsuite skipped="0" hostname="matiurs-MacBook-Air.local" name="menu.MenuTest" tests="1" failures="0" timestamp="09 Aug 2018 03:23:17 GMT" time="34.146" errors="0">
  <testcase name="menu" time="34.146" classname="menu.MenuTest"/>
</testsuite> <!-- menu.MenuTest -->
