<?xml version="1.0" encoding="UTF-8"?>
<!-- Generated by org.testng.reporters.JUnitReportReporter -->
<testsuite skipped="0" hostname="matiurs-MacBook-Air.local" name="content.TvShowSelection" tests="1" failures="0" timestamp="09 Aug 2018 04:06:56 GMT" time="20.908" errors="0">
  <testcase name="selectingContent" time="20.908" classname="content.TvShowSelection"/>
</testsuite> <!-- content.TvShowSelection -->
