<?xml version="1.0" encoding="UTF-8"?>
<!-- Generated by org.testng.reporters.JUnitReportReporter -->
<testsuite skipped="0" hostname="matiurs-MacBook-Air.local" name="menu.TvShowSelection" tests="1" failures="0" timestamp="09 Aug 2018 04:03:25 GMT" time="38.798" errors="0">
  <testcase name="menu" time="38.798" classname="menu.TvShowSelection"/>
</testsuite> <!-- menu.TvShowSelection -->
